# JRE version: OpenJDK Runtime Environment (17.0.6) (build 17.0.6+0-b2043.56-9586694)
# Java VM: OpenJDK 64-Bit Server VM (17.0.6+0-b2043.56-9586694, mixed mode, tiered, compressed oops, compressed class ptrs, g1 gc, windows-amd64)
GC Precious Log:
 CPUs: 8 total, 8 available
 Memory: 7834M
 Large Page Support: Disabled
 NUMA Support: Disabled
 Compressed Oops: Enabled (32-bit)
 Heap Region Size: 1M
 Heap Min Capacity: 8M
 Heap Initial Capacity: 124M
 Heap Max Capacity: 1960M
 Pre-touch: Disabled
 Parallel Workers: 8
 Concurrent Workers: 2
 Concurrent Refinement Workers: 8
 Periodic GC: Disabled
Heap:
 garbage-first heap   total 70656K, used 39533K [0x0000000085800000, 0x0000000100000000)
  region size 1024K, 17 young (17408K), 3 survivors (3072K)
 Metaspace       used 47666K, committed 47872K, reserved 1097728K
  class space    used 5809K, committed 5888K, reserved 1048576K
GC Heap History (16 events):
Event: 0.511 GC heap before
{Heap before GC invocations=0 (full 0):
 garbage-first heap   total 126976K, used 27648K [0x0000000085800000, 0x0000000100000000)
  region size 1024K, 23 young (23552K), 0 survivors (0K)
 Metaspace       used 13307K, committed 13440K, reserved 1064960K
  class space    used 1280K, committed 1344K, reserved 1048576K
}
Event: 0.515 GC heap after
{Heap after GC invocations=1 (full 0):
 garbage-first heap   total 126976K, used 7168K [0x0000000085800000, 0x0000000100000000)
  region size 1024K, 3 young (3072K), 3 survivors (3072K)
 Metaspace       used 13307K, committed 13440K, reserved 1064960K
  class space    used 1280K, committed 1344K, reserved 1048576K
}
Event: 1.019 GC heap before
{Heap before GC invocations=1 (full 0):
 garbage-first heap   total 126976K, used 37888K [0x0000000085800000, 0x0000000100000000)
  region size 1024K, 34 young (34816K), 3 survivors (3072K)
 Metaspace       used 21303K, committed 21504K, reserved 1073152K
  class space    used 2324K, committed 2432K, reserved 1048576K
}
Event: 1.028 GC heap after
{Heap after GC invocations=2 (full 0):
 garbage-first heap   total 126976K, used 10335K [0x0000000085800000, 0x0000000100000000)
  region size 1024K, 4 young (4096K), 4 survivors (4096K)
 Metaspace       used 21303K, committed 21504K, reserved 1073152K
  class space    used 2324K, committed 2432K, reserved 1048576K
}
Event: 1.374 GC heap before
{Heap before GC invocations=3 (full 0):
 garbage-first heap   total 40960K, used 32863K [0x0000000085800000, 0x0000000100000000)
  region size 1024K, 23 young (23552K), 4 survivors (4096K)
 Metaspace       used 27068K, committed 27264K, reserved 1073152K
  class space    used 2974K, committed 3072K, reserved 1048576K
}
Event: 1.380 GC heap after
{Heap after GC invocations=4 (full 0):
 garbage-first heap   total 40960K, used 16334K [0x0000000085800000, 0x0000000100000000)
  region size 1024K, 2 young (2048K), 2 survivors (2048K)
 Metaspace       used 27068K, committed 27264K, reserved 1073152K
  class space    used 2974K, committed 3072K, reserved 1048576K
}
Event: 1.398 GC heap before
{Heap before GC invocations=4 (full 0):
 garbage-first heap   total 40960K, used 16334K [0x0000000085800000, 0x0000000100000000)
  region size 1024K, 3 young (3072K), 2 survivors (2048K)
 Metaspace       used 27457K, committed 27712K, reserved 1081344K
  class space    used 3015K, committed 3136K, reserved 1048576K
}
Event: 1.402 GC heap after
{Heap after GC invocations=5 (full 0):
 garbage-first heap   total 40960K, used 16817K [0x0000000085800000, 0x0000000100000000)
  region size 1024K, 1 young (1024K), 1 survivors (1024K)
 Metaspace       used 27457K, committed 27712K, reserved 1081344K
  class space    used 3015K, committed 3136K, reserved 1048576K
}
Event: 1.686 GC heap before
{Heap before GC invocations=5 (full 0):
 garbage-first heap   total 40960K, used 32177K [0x0000000085800000, 0x0000000100000000)
  region size 1024K, 15 young (15360K), 1 survivors (1024K)
 Metaspace       used 31059K, committed 31296K, reserved 1081344K
  class space    used 3774K, committed 3904K, reserved 1048576K
}
Event: 1.690 GC heap after
{Heap after GC invocations=6 (full 0):
 garbage-first heap   total 40960K, used 20975K [0x0000000085800000, 0x0000000100000000)
  region size 1024K, 2 young (2048K), 2 survivors (2048K)
 Metaspace       used 31059K, committed 31296K, reserved 1081344K
  class space    used 3774K, committed 3904K, reserved 1048576K
}
Event: 1.824 GC heap before
{Heap before GC invocations=6 (full 0):
 garbage-first heap   total 40960K, used 32239K [0x0000000085800000, 0x0000000100000000)
  region size 1024K, 13 young (13312K), 2 survivors (2048K)
 Metaspace       used 32586K, committed 32832K, reserved 1081344K
  class space    used 4155K, committed 4288K, reserved 1048576K
}
Event: 1.831 GC heap after
{Heap after GC invocations=7 (full 0):
 garbage-first heap   total 70656K, used 23343K [0x0000000085800000, 0x0000000100000000)
  region size 1024K, 2 young (2048K), 2 survivors (2048K)
 Metaspace       used 32586K, committed 32832K, reserved 1081344K
  class space    used 4155K, committed 4288K, reserved 1048576K
}
Event: 2.244 GC heap before
{Heap before GC invocations=8 (full 0):
 garbage-first heap   total 70656K, used 49967K [0x0000000085800000, 0x0000000100000000)
  region size 1024K, 28 young (28672K), 2 survivors (2048K)
 Metaspace       used 38295K, committed 38528K, reserved 1089536K
  class space    used 4815K, committed 4928K, reserved 1048576K
}
Event: 2.253 GC heap after
{Heap after GC invocations=9 (full 0):
 garbage-first heap   total 70656K, used 24740K [0x0000000085800000, 0x0000000100000000)
  region size 1024K, 4 young (4096K), 4 survivors (4096K)
 Metaspace       used 38295K, committed 38528K, reserved 1089536K
  class space    used 4815K, committed 4928K, reserved 1048576K
}
Event: 2.610 GC heap before
{Heap before GC invocations=9 (full 0):
 garbage-first heap   total 70656K, used 49316K [0x0000000085800000, 0x0000000100000000)
  region size 1024K, 29 young (29696K), 4 survivors (4096K)
 Metaspace       used 43614K, committed 43776K, reserved 1089536K
  class space    used 5305K, committed 5376K, reserved 1048576K
}
Event: 2.618 GC heap after
{Heap after GC invocations=10 (full 0):
 garbage-first heap   total 70656K, used 27245K [0x0000000085800000, 0x0000000100000000)
  region size 1024K, 3 young (3072K), 3 survivors (3072K)
 Metaspace       used 43614K, committed 43776K, reserved 1089536K
  class space    used 5305K, committed 5376K, reserved 1048576K
}

