# JRE version: OpenJDK Runtime Environment (17.0.6) (build 17.0.6+0-b2043.56-9586694)
# Java VM: OpenJDK 64-Bit Server VM (17.0.6+0-b2043.56-9586694, mixed mode, tiered, compressed oops, compressed class ptrs, g1 gc, windows-amd64)
GC Precious Log:
 CPUs: 8 total, 8 available
 Memory: 7834M
 Large Page Support: Disabled
 NUMA Support: Disabled
 Compressed Oops: Enabled (32-bit)
 Heap Region Size: 1M
 Heap Min Capacity: 8M
 Heap Initial Capacity: 124M
 Heap Max Capacity: 1960M
 Pre-touch: Disabled
 Parallel Workers: 8
 Concurrent Workers: 2
 Concurrent Refinement Workers: 8
 Periodic GC: Disabled
Heap:
 garbage-first heap   total 126976K, used 49920K [0x0000000085800000, 0x0000000100000000)
  region size 1024K, 2 young (2048K), 2 survivors (2048K)
 Metaspace       used 60233K, committed 60480K, reserved 1105920K
  class space    used 7002K, committed 7104K, reserved 1048576K
GC Heap History (20 events):
Event: 2.849 GC heap after
{Heap after GC invocations=6 (full 0):
 garbage-first heap   total 40960K, used 18352K [0x0000000085800000, 0x0000000100000000)
  region size 1024K, 2 young (2048K), 2 survivors (2048K)
 Metaspace       used 31062K, committed 31296K, reserved 1081344K
  class space    used 3774K, committed 3904K, reserved 1048576K
}
Event: 2.882 GC heap before
{Heap before GC invocations=6 (full 0):
 garbage-first heap   total 40960K, used 18352K [0x0000000085800000, 0x0000000100000000)
  region size 1024K, 3 young (3072K), 2 survivors (2048K)
 Metaspace       used 31108K, committed 31360K, reserved 1081344K
  class space    used 3774K, committed 3904K, reserved 1048576K
}
Event: 2.886 GC heap after
{Heap after GC invocations=7 (full 0):
 garbage-first heap   total 66560K, used 18583K [0x0000000085800000, 0x0000000100000000)
  region size 1024K, 1 young (1024K), 1 survivors (1024K)
 Metaspace       used 31108K, committed 31360K, reserved 1081344K
  class space    used 3774K, committed 3904K, reserved 1048576K
}
Event: 3.508 GC heap before
{Heap before GC invocations=7 (full 0):
 garbage-first heap   total 66560K, used 46231K [0x0000000085800000, 0x0000000100000000)
  region size 1024K, 27 young (27648K), 1 survivors (1024K)
 Metaspace       used 35918K, committed 36096K, reserved 1081344K
  class space    used 4524K, committed 4608K, reserved 1048576K
}
Event: 3.520 GC heap after
{Heap after GC invocations=8 (full 0):
 garbage-first heap   total 66560K, used 24960K [0x0000000085800000, 0x0000000100000000)
  region size 1024K, 4 young (4096K), 4 survivors (4096K)
 Metaspace       used 35918K, committed 36096K, reserved 1081344K
  class space    used 4524K, committed 4608K, reserved 1048576K
}
Event: 4.045 GC heap before
{Heap before GC invocations=9 (full 0):
 garbage-first heap   total 66560K, used 47488K [0x0000000085800000, 0x0000000100000000)
  region size 1024K, 27 young (27648K), 4 survivors (4096K)
 Metaspace       used 40592K, committed 40832K, reserved 1089536K
  class space    used 4997K, committed 5056K, reserved 1048576K
}
Event: 4.062 GC heap after
{Heap after GC invocations=10 (full 0):
 garbage-first heap   total 66560K, used 25801K [0x0000000085800000, 0x0000000100000000)
  region size 1024K, 3 young (3072K), 3 survivors (3072K)
 Metaspace       used 40592K, committed 40832K, reserved 1089536K
  class space    used 4997K, committed 5056K, reserved 1048576K
}
Event: 4.604 GC heap before
{Heap before GC invocations=10 (full 0):
 garbage-first heap   total 66560K, used 47305K [0x0000000085800000, 0x0000000100000000)
  region size 1024K, 25 young (25600K), 3 survivors (3072K)
 Metaspace       used 46159K, committed 46336K, reserved 1097728K
  class space    used 5630K, committed 5696K, reserved 1048576K
}
Event: 4.613 GC heap after
{Heap after GC invocations=11 (full 0):
 garbage-first heap   total 66560K, used 27180K [0x0000000085800000, 0x0000000100000000)
  region size 1024K, 2 young (2048K), 2 survivors (2048K)
 Metaspace       used 46159K, committed 46336K, reserved 1097728K
  class space    used 5630K, committed 5696K, reserved 1048576K
}
Event: 5.047 GC heap before
{Heap before GC invocations=11 (full 0):
 garbage-first heap   total 66560K, used 52780K [0x0000000085800000, 0x0000000100000000)
  region size 1024K, 25 young (25600K), 2 survivors (2048K)
 Metaspace       used 48588K, committed 48768K, reserved 1097728K
  class space    used 5880K, committed 5952K, reserved 1048576K
}
Event: 5.060 GC heap after
{Heap after GC invocations=12 (full 0):
 garbage-first heap   total 66560K, used 33306K [0x0000000085800000, 0x0000000100000000)
  region size 1024K, 4 young (4096K), 4 survivors (4096K)
 Metaspace       used 48588K, committed 48768K, reserved 1097728K
  class space    used 5880K, committed 5952K, reserved 1048576K
}
Event: 5.127 GC heap before
{Heap before GC invocations=12 (full 0):
 garbage-first heap   total 66560K, used 50714K [0x0000000085800000, 0x0000000100000000)
  region size 1024K, 21 young (21504K), 4 survivors (4096K)
 Metaspace       used 48669K, committed 48832K, reserved 1097728K
  class space    used 5880K, committed 5952K, reserved 1048576K
}
Event: 5.136 GC heap after
{Heap after GC invocations=13 (full 0):
 garbage-first heap   total 94208K, used 34977K [0x0000000085800000, 0x0000000100000000)
  region size 1024K, 2 young (2048K), 2 survivors (2048K)
 Metaspace       used 48669K, committed 48832K, reserved 1097728K
  class space    used 5880K, committed 5952K, reserved 1048576K
}
Event: 6.173 GC heap before
{Heap before GC invocations=13 (full 0):
 garbage-first heap   total 94208K, used 69793K [0x0000000085800000, 0x0000000100000000)
  region size 1024K, 36 young (36864K), 2 survivors (2048K)
 Metaspace       used 52201K, committed 52480K, reserved 1097728K
  class space    used 6199K, committed 6336K, reserved 1048576K
}
Event: 6.189 GC heap after
{Heap after GC invocations=14 (full 0):
 garbage-first heap   total 94208K, used 39884K [0x0000000085800000, 0x0000000100000000)
  region size 1024K, 5 young (5120K), 5 survivors (5120K)
 Metaspace       used 52201K, committed 52480K, reserved 1097728K
  class space    used 6199K, committed 6336K, reserved 1048576K
}
Event: 6.798 GC heap before
{Heap before GC invocations=14 (full 0):
 garbage-first heap   total 94208K, used 70604K [0x0000000085800000, 0x0000000100000000)
  region size 1024K, 35 young (35840K), 5 survivors (5120K)
 Metaspace       used 55379K, committed 55616K, reserved 1105920K
  class space    used 6545K, committed 6656K, reserved 1048576K
}
Event: 6.824 GC heap after
{Heap after GC invocations=15 (full 0):
 garbage-first heap   total 94208K, used 44032K [0x0000000085800000, 0x0000000100000000)
  region size 1024K, 4 young (4096K), 4 survivors (4096K)
 Metaspace       used 55379K, committed 55616K, reserved 1105920K
  class space    used 6545K, committed 6656K, reserved 1048576K
}
Event: 7.721 GC heap before
{Heap before GC invocations=15 (full 0):
 garbage-first heap   total 94208K, used 72704K [0x0000000085800000, 0x0000000100000000)
  region size 1024K, 32 young (32768K), 4 survivors (4096K)
 Metaspace       used 57857K, committed 58112K, reserved 1105920K
  class space    used 6769K, committed 6912K, reserved 1048576K
}
Event: 7.738 GC heap after
{Heap after GC invocations=16 (full 0):
 garbage-first heap   total 94208K, used 48128K [0x0000000085800000, 0x0000000100000000)
  region size 1024K, 4 young (4096K), 4 survivors (4096K)
 Metaspace       used 57857K, committed 58112K, reserved 1105920K
  class space    used 6769K, committed 6912K, reserved 1048576K
}
Event: 8.287 GC heap before
{Heap before GC invocations=16 (full 0):
 garbage-first heap   total 94208K, used 65536K [0x0000000085800000, 0x0000000100000000)
  region size 1024K, 22 young (22528K), 4 survivors (4096K)
 Metaspace       used 60233K, committed 60480K, reserved 1105920K
  class space    used 7002K, committed 7104K, reserved 1048576K
}

